  INITIAL WATER NUMBER:    1
  TIME t = 0
  SPECIATION TEMPERATURE (C):     25.000    PRESSURE (bar):      1.000
  CHEM.ITERATIONS:     2
  IONIC STRENGTH:  0.1433E-06          STOIC. IONIC STRENGTH:  0.9287E-07

                                                                                                                                                 input
      species              molality         gamma    log activ.  tot.aqueous  tot.aqueous  tot.solid    tot.gas      tot.sorbed   aq.kinetics  tot.system  tot.balance  aq.balance
                         (water in kg) (H2O activity)              molality      moles       moles       moles          moles        moles        moles
     ------------------------------------------------------------------------------------------------------------------------------------------------------------------------------
   1 h2o                  0.10000E+01    0.10000E+01    -0.000   0.55509E+02  0.55509E+02  0.00000E+00  0.00000E+00  0.00000E+00  0.00000E+00  0.55509E+02  0.71054E-14 -0.71054E-14
   2 h+                   0.20263E-06    0.99956E+00    -6.693   0.15220E-06  0.15220E-06  0.00000E+00  0.00000E+00  0.00000E+00  0.00000E+00  0.15220E-06 -0.26947E-14  0.21577E-14
   3 uo2+2                0.83660E-08    0.99823E+00    -8.078   0.83660E-08  0.83660E-08  0.00000E+00  0.00000E+00  0.00000E+00  0.00000E+00  0.83660E-08 -0.76002E-17  0.76002E-17
   4 o2(aq)               0.31600E-48    0.10000E+01   -48.500   0.31600E-48  0.31600E-48  0.00000E+00  0.00000E+00  0.00000E+00  0.00000E+00  0.31600E-48 -0.28707E-57  0.28707E-57
   5 so4-2                0.18190E-10    0.99823E+00   -10.741   0.18190E-10  0.18190E-10  0.00000E+00  0.00000E+00  0.00000E+00  0.00000E+00  0.18190E-10 -0.16535E-19  0.16535E-19
   6 oh-                  0.50427E-07    0.99956E+00    -7.298
   7 uo2so4(aq)           0.81931E-16    0.10000E+01   -16.087
   8 uo2so42-2            0.36459E-25    0.99823E+00   -25.439

     Solution charge imbalance = 0.1689E-06 equiv  (0.6259E+02%)

     kin.minerals            moles         log(Q/K)   v.frac solid rate(mol/sec)
     ---------------------------------------------------------------------------
   1 uraninite            0.00000E+00        0.00003



  BOUNDARY WATER NUMBER:    1
  TIME t = 0
  SPECIATION TEMPERATURE (C):     25.000    PRESSURE (bar):      1.000
  CHEM.ITERATIONS:     2
  IONIC STRENGTH:  0.1433E-06          STOIC. IONIC STRENGTH:  0.9287E-07

                                                                                                                                                 input
      species              molality         gamma    log activ.  tot.aqueous  tot.aqueous  tot.solid    tot.gas      tot.sorbed   aq.kinetics  tot.system  tot.balance  aq.balance
                         (water in kg) (H2O activity)              molality      moles       moles       moles          moles        moles        moles
     ------------------------------------------------------------------------------------------------------------------------------------------------------------------------------
   1 h2o                  0.10000E+01    0.10000E+01    -0.000   0.55509E+02  0.55509E+02  0.00000E+00  0.00000E+00  0.00000E+00  0.00000E+00  0.55509E+02  0.71054E-14 -0.71054E-14
   2 h+                   0.20263E-06    0.99956E+00    -6.693   0.15220E-06  0.15220E-06  0.00000E+00  0.00000E+00  0.00000E+00  0.00000E+00  0.15220E-06 -0.26947E-14  0.21577E-14
   3 uo2+2                0.83660E-08    0.99823E+00    -8.078   0.83660E-08  0.83660E-08  0.00000E+00  0.00000E+00  0.00000E+00  0.00000E+00  0.83660E-08 -0.76002E-17  0.76002E-17
   4 o2(aq)               0.31600E-48    0.10000E+01   -48.500   0.31600E-48  0.31600E-48  0.00000E+00  0.00000E+00  0.00000E+00  0.00000E+00  0.31600E-48 -0.28707E-57  0.28707E-57
   5 so4-2                0.18190E-10    0.99823E+00   -10.741   0.18190E-10  0.18190E-10  0.00000E+00  0.00000E+00  0.00000E+00  0.00000E+00  0.18190E-10 -0.16535E-19  0.16535E-19
   6 oh-                  0.50427E-07    0.99956E+00    -7.298
   7 uo2so4(aq)           0.81931E-16    0.10000E+01   -16.087
   8 uo2so42-2            0.36459E-25    0.99823E+00   -25.439

     Solution charge imbalance = 0.1689E-06 equiv  (0.6259E+02%)

     kin.minerals            moles         log(Q/K)   v.frac solid rate(mol/sec)
     ---------------------------------------------------------------------------
   1 uraninite            0.00000E+00        0.00003



  BOUNDARY WATER NUMBER:    2
  TIME t = 0
  SPECIATION TEMPERATURE (C):     25.000    PRESSURE (bar):      1.000
  CHEM.ITERATIONS:     5
  IONIC STRENGTH:  0.6191E-01          STOIC. IONIC STRENGTH:  0.6191E-01

                                                                                                                                                 input
      species              molality         gamma    log activ.  tot.aqueous  tot.aqueous  tot.solid    tot.gas      tot.sorbed   aq.kinetics  tot.system  tot.balance  aq.balance
                         (water in kg) (H2O activity)              molality      moles       moles       moles          moles        moles        moles
     ------------------------------------------------------------------------------------------------------------------------------------------------------------------------------
   1 h2o                  0.10000E+01    0.99900E+00    -0.000   0.55509E+02  0.55509E+02  0.00000E+00  0.00000E+00  0.00000E+00  0.00000E+00  0.55509E+02  0.00000E+00  0.00000E+00
   2 h+                   0.41816E-01    0.81157E+00    -1.469   0.41816E-01  0.41816E-01  0.00000E+00  0.00000E+00  0.00000E+00  0.00000E+00  0.41816E-01  0.00000E+00  0.00000E+00
   3 uo2+2                0.20378E-30    0.43068E+00   -31.057   0.83660E-30  0.83660E-30  0.00000E+00  0.00000E+00  0.00000E+00  0.00000E+00  0.83660E-30 -0.12261E-44  0.17516E-45
   4 o2(aq)               0.28225E-03    0.10000E+01    -3.549   0.28225E-03  0.28225E-03  0.00000E+00  0.00000E+00  0.00000E+00  0.00000E+00  0.28225E-03  0.00000E+00  0.00000E+00
   5 so4-2                0.20500E-01    0.43585E+00    -2.049   0.20500E-01  0.20500E-01  0.00000E+00  0.00000E+00  0.00000E+00  0.00000E+00  0.20500E-01  0.00000E+00  0.00000E+00
   6 oh-                  0.37195E-12    0.80797E+00   -12.522
   7 uo2so4(aq)           0.42368E-30    0.10000E+01   -30.373
   8 uo2so42-2            0.20914E-30    0.44280E+00   -31.033

     Solution charge imbalance = 0.8160E-03 equiv  (0.9853E+00%)

     kin.minerals            moles         log(Q/K)   v.frac solid rate(mol/sec)
     ---------------------------------------------------------------------------
   1 uraninite            0.00000E+00      -55.90264



 
 
 
 
      --- Write chemical speciation like the format in chemical.inp -- 

                    T= "0.299801E+01 yr



  Grid block:  03M 1
   1    25.000      8.0870
# component  flag    guess      ctotal    fix log(Q/K)
'h2o        ' 1   0.1000E+01  0.1000E+01  '*'   0.0 
'h+         ' 1   0.4147E-01  0.4147E-01  '*'   0.0 
'uo2+2      ' 1   0.4349E-04  0.1775E-03  '*'   0.0 
'o2(aq)     ' 1   0.1936E-03  0.1936E-03  '*'   0.0 
'so4-2      ' 1   0.2033E-01  0.2051E-01  '*'   0.0 
'*'

  Grid block:  08b 1
   2    25.000      8.0690
# component  flag    guess      ctotal    fix log(Q/K)
'h2o        ' 1   0.1000E+01  0.1000E+01  '*'   0.0 
'h+         ' 1   0.4155E-01  0.4155E-01  '*'   0.0 
'uo2+2      ' 1   0.3529E-04  0.1442E-03  '*'   0.0 
'o2(aq)     ' 1   0.2103E-03  0.2103E-03  '*'   0.0 
'so4-2      ' 1   0.2037E-01  0.2051E-01  '*'   0.0 
'*'

  Grid block:  05K 1
   3    25.000      8.1765
# component  flag    guess      ctotal    fix log(Q/K)
'h2o        ' 1   0.1000E+01  0.1000E+01  '*'   0.0 
'h+         ' 1   0.4166E-01  0.4166E-01  '*'   0.0 
'uo2+2      ' 1   0.2093E-04  0.8567E-04  '*'   0.0 
'o2(aq)     ' 1   0.2395E-03  0.2395E-03  '*'   0.0 
'so4-2      ' 1   0.2042E-01  0.2051E-01  '*'   0.0 
'*'

  Grid block:  0C4 1
   4    25.000      8.1295
# component  flag    guess      ctotal    fix log(Q/K)
'h2o        ' 1   0.1000E+01  0.1000E+01  '*'   0.0 
'h+         ' 1   0.4159E-01  0.4159E-01  '*'   0.0 
'uo2+2      ' 1   0.2732E-04  0.1117E-03  '*'   0.0 
'o2(aq)     ' 1   0.2264E-03  0.2264E-03  '*'   0.0 
'so4-2      ' 1   0.2039E-01  0.2050E-01  '*'   0.0 
'*'

  Grid block:  08A 1
   5    25.000      8.3209
# component  flag    guess      ctotal    fix log(Q/K)
'h2o        ' 1   0.1000E+01  0.1000E+01  '*'   0.0 
'h+         ' 1   0.4169E-01  0.4169E-01  '*'   0.0 
'uo2+2      ' 1   0.1717E-04  0.7033E-04  '*'   0.0 
'o2(aq)     ' 1   0.2472E-03  0.2472E-03  '*'   0.0 
'so4-2      ' 1   0.2044E-01  0.2051E-01  '*'   0.0 
'*'

  Grid block:  0GD 1
   6    25.000      8.2054
# component  flag    guess      ctotal    fix log(Q/K)
'h2o        ' 1   0.1000E+01  0.1000E+01  '*'   0.0 
'h+         ' 1   0.4144E-01  0.4144E-01  '*'   0.0 
'uo2+2      ' 1   0.5222E-04  0.2129E-03  '*'   0.0 
'o2(aq)     ' 1   0.1762E-03  0.1762E-03  '*'   0.0 
'so4-2      ' 1   0.2031E-01  0.2052E-01  '*'   0.0 
'*'

  Grid block:  0BR 1
   7    25.000      8.3757
# component  flag    guess      ctotal    fix log(Q/K)
'h2o        ' 1   0.1000E+01  0.1000E+01  '*'   0.0 
'h+         ' 1   0.4161E-01  0.4161E-01  '*'   0.0 
'uo2+2      ' 1   0.3011E-04  0.1232E-03  '*'   0.0 
'o2(aq)     ' 1   0.2210E-03  0.2210E-03  '*'   0.0 
'so4-2      ' 1   0.2040E-01  0.2052E-01  '*'   0.0 
'*'

  Grid block:  0KI 1
   8    25.000      8.3005
# component  flag    guess      ctotal    fix log(Q/K)
'h2o        ' 1   0.1000E+01  0.1000E+01  '*'   0.0 
'h+         ' 1   0.4147E-01  0.4147E-01  '*'   0.0 
'uo2+2      ' 1   0.4404E-04  0.1797E-03  '*'   0.0 
'o2(aq)     ' 1   0.1925E-03  0.1925E-03  '*'   0.0 
'so4-2      ' 1   0.2032E-01  0.2050E-01  '*'   0.0 
'*'

  Grid block:  0Qm 1
   9    25.000      8.2477
# component  flag    guess      ctotal    fix log(Q/K)
'h2o        ' 1   0.1000E+01  0.1000E+01  '*'   0.0 
'h+         ' 1   0.4127E-01  0.4127E-01  '*'   0.0 
'uo2+2      ' 1   0.5377E-04  0.2188E-03  '*'   0.0 
'o2(aq)     ' 1   0.1721E-03  0.1721E-03  '*'   0.0 
'so4-2      ' 1   0.2023E-01  0.2045E-01  '*'   0.0 
'*'

  Grid block:  0WA 1
  10    25.000      8.2434
# component  flag    guess      ctotal    fix log(Q/K)
'h2o        ' 1   0.1000E+01  0.1000E+01  '*'   0.0 
'h+         ' 1   0.3775E-01  0.3775E-01  '*'   0.0 
'uo2+2      ' 1   0.5114E-04  0.1982E-03  '*'   0.0 
'o2(aq)     ' 1   0.1583E-03  0.1583E-03  '*'   0.0 
'so4-2      ' 1   0.1851E-01  0.1870E-01  '*'   0.0 
'*'

  Grid block:  0Ff 1
  11    25.000      8.3934
# component  flag    guess      ctotal    fix log(Q/K)
'h2o        ' 1   0.1000E+01  0.1000E+01  '*'   0.0 
'h+         ' 1   0.4170E-01  0.4170E-01  '*'   0.0 
'uo2+2      ' 1   0.1544E-04  0.6326E-04  '*'   0.0 
'o2(aq)     ' 1   0.2507E-03  0.2507E-03  '*'   0.0 
'so4-2      ' 1   0.2044E-01  0.2051E-01  '*'   0.0 
'*'

  Grid block:  0NR 1
  12    25.000      8.3427
# component  flag    guess      ctotal    fix log(Q/K)
'h2o        ' 1   0.1000E+01  0.1000E+01  '*'   0.0 
'h+         ' 1   0.4159E-01  0.4159E-01  '*'   0.0 
'uo2+2      ' 1   0.3095E-04  0.1265E-03  '*'   0.0 
'o2(aq)     ' 1   0.2192E-03  0.2192E-03  '*'   0.0 
'so4-2      ' 1   0.2039E-01  0.2052E-01  '*'   0.0 
'*'

  Grid block:  0TR 1
  13    25.000      8.2937
# component  flag    guess      ctotal    fix log(Q/K)
'h2o        ' 1   0.1000E+01  0.1000E+01  '*'   0.0 
'h+         ' 1   0.4153E-01  0.4153E-01  '*'   0.0 
'uo2+2      ' 1   0.3274E-04  0.1337E-03  '*'   0.0 
'o2(aq)     ' 1   0.2152E-03  0.2152E-03  '*'   0.0 
'so4-2      ' 1   0.2036E-01  0.2049E-01  '*'   0.0 
'*'

  Grid block:  0Z0 1
  14    25.000      8.2800
# component  flag    guess      ctotal    fix log(Q/K)
'h2o        ' 1   0.1000E+01  0.1000E+01  '*'   0.0 
'h+         ' 1   0.3207E-01  0.3207E-01  '*'   0.0 
'uo2+2      ' 1   0.6360E-04  0.2264E-03  '*'   0.0 
'o2(aq)     ' 1   0.1063E-03  0.1063E-03  '*'   0.0 
'so4-2      ' 1   0.1574E-01  0.1594E-01  '*'   0.0 
'*'

  Grid block:  0Jg 1
  15    25.000      8.4195
# component  flag    guess      ctotal    fix log(Q/K)
'h2o        ' 1   0.1000E+01  0.1000E+01  '*'   0.0 
'h+         ' 1   0.4170E-01  0.4170E-01  '*'   0.0 
'uo2+2      ' 1   0.1735E-04  0.7107E-04  '*'   0.0 
'o2(aq)     ' 1   0.2469E-03  0.2469E-03  '*'   0.0 
'so4-2      ' 1   0.2044E-01  0.2051E-01  '*'   0.0 
'*'

  Grid block:  0QK 1
  16    25.000      8.3761
# component  flag    guess      ctotal    fix log(Q/K)
'h2o        ' 1   0.1000E+01  0.1000E+01  '*'   0.0 
'h+         ' 1   0.4151E-01  0.4151E-01  '*'   0.0 
'uo2+2      ' 1   0.4350E-04  0.1776E-03  '*'   0.0 
'o2(aq)     ' 1   0.1938E-03  0.1938E-03  '*'   0.0 
'so4-2      ' 1   0.2035E-01  0.2053E-01  '*'   0.0 
'*'

  Grid block:  0Vm 1
  17    25.000      8.3426
# component  flag    guess      ctotal    fix log(Q/K)
'h2o        ' 1   0.1000E+01  0.1000E+01  '*'   0.0 
'h+         ' 1   0.3688E-01  0.3688E-01  '*'   0.0 
'uo2+2      ' 1   0.8423E-04  0.3222E-03  '*'   0.0 
'o2(aq)     ' 1   0.9216E-04  0.9216E-04  '*'   0.0 
'so4-2      ' 1   0.1808E-01  0.1839E-01  '*'   0.0 
'*'

  Grid block:  0be 1
  18    25.000      8.3208
# component  flag    guess      ctotal    fix log(Q/K)
'h2o        ' 1   0.1000E+01  0.1000E+01  '*'   0.0 
'h+         ' 1   0.8971E-02  0.8971E-02  '*'   0.0 
'uo2+2      ' 1   0.4204E-04  0.8652E-04  '*'   0.0 
'o2(aq)     ' 1   0.1847E-04  0.1847E-04  '*'   0.0 
'so4-2      ' 1   0.4434E-02  0.4483E-02  '*'   0.0 
'*'

  Grid block:  0YV 1
  19    25.000      8.3674
# component  flag    guess      ctotal    fix log(Q/K)
'h2o        ' 1   0.1000E+01  0.1000E+01  '*'   0.0 
'h+         ' 1   0.1186E-02  0.1186E-02  '*'   0.0 
'uo2+2      ' 1   0.1345E-04  0.1647E-04  '*'   0.0 
'o2(aq)     ' 1   0.5779E-57  0.5779E-57  '*'   0.0 
'so4-2      ' 1   0.5944E-03  0.5974E-03  '*'   0.0 
'*'

  Grid block:  0cq 1
  20    25.000      8.3530
# component  flag    guess      ctotal    fix log(Q/K)
'h2o        ' 1   0.1000E+01  0.1000E+01  '*'   0.0 
'h+         ' 1   0.3250E-03  0.3250E-03  '*'   0.0 
'uo2+2      ' 1   0.4210E-05  0.4515E-05  '*'   0.0 
'o2(aq)     ' 1   0.1095E-55  0.1095E-55  '*'   0.0 
'so4-2      ' 1   0.1634E-03  0.1637E-03  '*'   0.0 
'*'

  Grid block:  05G 1
  21    25.000      8.0734
# component  flag    guess      ctotal    fix log(Q/K)
'h2o        ' 1   0.1000E+01  0.1000E+01  '*'   0.0 
'h+         ' 1   0.4172E-01  0.4172E-01  '*'   0.0 
'uo2+2      ' 1   0.1118E-04  0.4585E-04  '*'   0.0 
'o2(aq)     ' 1   0.2593E-03  0.2593E-03  '*'   0.0 
'so4-2      ' 1   0.2045E-01  0.2050E-01  '*'   0.0 
'*'

  Grid block:  0Be 1
  22    25.000      8.0400
# component  flag    guess      ctotal    fix log(Q/K)
'h2o        ' 1   0.1000E+01  0.1000E+01  '*'   0.0 
'h+         ' 1   0.4111E-01  0.4111E-01  '*'   0.0 
'uo2+2      ' 1   0.8619E-04  0.3496E-03  '*'   0.0 
'o2(aq)     ' 1   0.1074E-03  0.1074E-03  '*'   0.0 
'so4-2      ' 1   0.2015E-01  0.2050E-01  '*'   0.0 
'*'

  Grid block:  06x 1
  23    25.000      8.1185
# component  flag    guess      ctotal    fix log(Q/K)
'h2o        ' 1   0.1000E+01  0.1000E+01  '*'   0.0 
'h+         ' 1   0.4162E-01  0.4162E-01  '*'   0.0 
'uo2+2      ' 1   0.2428E-04  0.9932E-04  '*'   0.0 
'o2(aq)     ' 1   0.2326E-03  0.2326E-03  '*'   0.0 
'so4-2      ' 1   0.2040E-01  0.2050E-01  '*'   0.0 
'*'

  Grid block:  0EX 1
  24    25.000      8.0906
# component  flag    guess      ctotal    fix log(Q/K)
'h2o        ' 1   0.1000E+01  0.1000E+01  '*'   0.0 
'h+         ' 1   0.4136E-01  0.4136E-01  '*'   0.0 
'uo2+2      ' 1   0.5642E-04  0.2298E-03  '*'   0.0 
'o2(aq)     ' 1   0.1674E-03  0.1674E-03  '*'   0.0 
'so4-2      ' 1   0.2027E-01  0.2050E-01  '*'   0.0 
'*'

  Grid block:  09y 1
  25    25.000      8.2059
# component  flag    guess      ctotal    fix log(Q/K)
'h2o        ' 1   0.1000E+01  0.1000E+01  '*'   0.0 
'h+         ' 1   0.4160E-01  0.4160E-01  '*'   0.0 
'uo2+2      ' 1   0.2587E-04  0.1058E-03  '*'   0.0 
'o2(aq)     ' 1   0.2293E-03  0.2293E-03  '*'   0.0 
'so4-2      ' 1   0.2039E-01  0.2050E-01  '*'   0.0 
'*'

  Grid block:  0Ic 1
  26    25.000      8.1433
# component  flag    guess      ctotal    fix log(Q/K)
'h2o        ' 1   0.1000E+01  0.1000E+01  '*'   0.0 
'h+         ' 1   0.4143E-01  0.4143E-01  '*'   0.0 
'uo2+2      ' 1   0.4774E-04  0.1947E-03  '*'   0.0 
'o2(aq)     ' 1   0.1849E-03  0.1849E-03  '*'   0.0 
'so4-2      ' 1   0.2030E-01  0.2050E-01  '*'   0.0 
'*'

  Grid block:  0Dz 1
  27    25.000      8.3211
# component  flag    guess      ctotal    fix log(Q/K)
'h2o        ' 1   0.1000E+01  0.1000E+01  '*'   0.0 
'h+         ' 1   0.4166E-01  0.4166E-01  '*'   0.0 
'uo2+2      ' 1   0.1877E-04  0.7686E-04  '*'   0.0 
'o2(aq)     ' 1   0.2438E-03  0.2438E-03  '*'   0.0 
'so4-2      ' 1   0.2042E-01  0.2050E-01  '*'   0.0 
'*'

  Grid block:  0M9 1
  28    25.000      8.2301
# component  flag    guess      ctotal    fix log(Q/K)
'h2o        ' 1   0.1000E+01  0.1000E+01  '*'   0.0 
'h+         ' 1   0.4146E-01  0.4146E-01  '*'   0.0 
'uo2+2      ' 1   0.4413E-04  0.1801E-03  '*'   0.0 
'o2(aq)     ' 1   0.1923E-03  0.1923E-03  '*'   0.0 
'so4-2      ' 1   0.2032E-01  0.2050E-01  '*'   0.0 
'*'

  Grid block:  0SV 1
  29    25.000      8.2030
# component  flag    guess      ctotal    fix log(Q/K)
'h2o        ' 1   0.1000E+01  0.1000E+01  '*'   0.0 
'h+         ' 1   0.4147E-01  0.4147E-01  '*'   0.0 
'uo2+2      ' 1   0.2936E-04  0.1199E-03  '*'   0.0 
'o2(aq)     ' 1   0.2216E-03  0.2216E-03  '*'   0.0 
'so4-2      ' 1   0.2033E-01  0.2045E-01  '*'   0.0 
'*'

  Grid block:  0Xo 1
  30    25.000      8.1880
# component  flag    guess      ctotal    fix log(Q/K)
'h2o        ' 1   0.1000E+01  0.1000E+01  '*'   0.0 
'h+         ' 1   0.3227E-01  0.3227E-01  '*'   0.0 
'uo2+2      ' 1   0.4491E-04  0.1604E-03  '*'   0.0 
'o2(aq)     ' 1   0.1397E-03  0.1397E-03  '*'   0.0 
'so4-2      ' 1   0.1583E-01  0.1598E-01  '*'   0.0 
'*'

  Grid block:  0I4 1
  31    25.000      8.3564
# component  flag    guess      ctotal    fix log(Q/K)
'h2o        ' 1   0.1000E+01  0.1000E+01  '*'   0.0 
'h+         ' 1   0.4152E-01  0.4152E-01  '*'   0.0 
'uo2+2      ' 1   0.3666E-04  0.1497E-03  '*'   0.0 
'o2(aq)     ' 1   0.2074E-03  0.2074E-03  '*'   0.0 
'so4-2      ' 1   0.2035E-01  0.2050E-01  '*'   0.0 
'*'

  Grid block:  0P8 1
  32    25.000      8.2932
# component  flag    guess      ctotal    fix log(Q/K)
'h2o        ' 1   0.1000E+01  0.1000E+01  '*'   0.0 
'h+         ' 1   0.4147E-01  0.4147E-01  '*'   0.0 
'uo2+2      ' 1   0.4194E-04  0.1712E-03  '*'   0.0 
'o2(aq)     ' 1   0.1967E-03  0.1967E-03  '*'   0.0 
'so4-2      ' 1   0.2033E-01  0.2050E-01  '*'   0.0 
'*'

  Grid block:  0Uq 1
  33    25.000      8.2675
# component  flag    guess      ctotal    fix log(Q/K)
'h2o        ' 1   0.1000E+01  0.1000E+01  '*'   0.0 
'h+         ' 1   0.4135E-01  0.4135E-01  '*'   0.0 
'uo2+2      ' 1   0.2802E-04  0.1142E-03  '*'   0.0 
'o2(aq)     ' 1   0.2236E-03  0.2236E-03  '*'   0.0 
'so4-2      ' 1   0.2027E-01  0.2039E-01  '*'   0.0 
'*'

  Grid block:  0ag 1
  34    25.000      8.2549
# component  flag    guess      ctotal    fix log(Q/K)
'h2o        ' 1   0.1000E+01  0.1000E+01  '*'   0.0 
'h+         ' 1   0.3269E-01  0.3269E-01  '*'   0.0 
'uo2+2      ' 1   0.4786E-04  0.1721E-03  '*'   0.0 
'o2(aq)     ' 1   0.1369E-03  0.1369E-03  '*'   0.0 
'so4-2      ' 1   0.1604E-01  0.1620E-01  '*'   0.0 
'*'

  Grid block:  0Ld 1
  35    25.000      8.3913
# component  flag    guess      ctotal    fix log(Q/K)
'h2o        ' 1   0.1000E+01  0.1000E+01  '*'   0.0 
'h+         ' 1   0.4175E-01  0.4175E-01  '*'   0.0 
'uo2+2      ' 1   0.7528E-05  0.3087E-04  '*'   0.0 
'o2(aq)     ' 1   0.2668E-03  0.2668E-03  '*'   0.0 
'so4-2      ' 1   0.2047E-01  0.2050E-01  '*'   0.0 
'*'

  Grid block:  0S0 1
  36    25.000      8.3368
# component  flag    guess      ctotal    fix log(Q/K)
'h2o        ' 1   0.1000E+01  0.1000E+01  '*'   0.0 
'h+         ' 1   0.4167E-01  0.4167E-01  '*'   0.0 
'uo2+2      ' 1   0.1808E-04  0.7402E-04  '*'   0.0 
'o2(aq)     ' 1   0.2452E-03  0.2452E-03  '*'   0.0 
'so4-2      ' 1   0.2043E-01  0.2050E-01  '*'   0.0 
'*'

  Grid block:  0XK 1
  37    25.000      8.3045
# component  flag    guess      ctotal    fix log(Q/K)
'h2o        ' 1   0.1000E+01  0.1000E+01  '*'   0.0 
'h+         ' 1   0.3476E-01  0.3476E-01  '*'   0.0 
'uo2+2      ' 1   0.5223E-04  0.1938E-03  '*'   0.0 
'o2(aq)     ' 1   0.1403E-03  0.1403E-03  '*'   0.0 
'so4-2      ' 1   0.1705E-01  0.1723E-01  '*'   0.0 
'*'

  Grid block:  0cV 1
  38    25.000      8.2931
# component  flag    guess      ctotal    fix log(Q/K)
'h2o        ' 1   0.1000E+01  0.1000E+01  '*'   0.0 
'h+         ' 1   0.2860E-01  0.2860E-01  '*'   0.0 
'uo2+2      ' 1   0.4192E-04  0.1409E-03  '*'   0.0 
'o2(aq)     ' 1   0.1245E-03  0.1245E-03  '*'   0.0 
'so4-2      ' 1   0.1403E-01  0.1416E-01  '*'   0.0 
'*'

  Grid block:  0Of 1
  39    25.000      8.3957
# component  flag    guess      ctotal    fix log(Q/K)
'h2o        ' 1   0.1000E+01  0.1000E+01  '*'   0.0 
'h+         ' 1   0.4167E-01  0.4167E-01  '*'   0.0 
'uo2+2      ' 1   0.1817E-04  0.7441E-04  '*'   0.0 
'o2(aq)     ' 1   0.2450E-03  0.2450E-03  '*'   0.0 
'so4-2      ' 1   0.2043E-01  0.2050E-01  '*'   0.0 
'*'

  Grid block:  013 1
  40    25.000      8.0829
# component  flag    guess      ctotal    fix log(Q/K)
'h2o        ' 1   0.1000E+01  0.1000E+01  '*'   0.0 
'h+         ' 1   0.4182E-01  0.4182E-01  '*'   0.0 
'uo2+2      ' 1   0.1211E-06  0.4972E-06  '*'   0.0 
'o2(aq)     ' 1   0.2820E-03  0.2820E-03  '*'   0.0 
'so4-2      ' 1   0.2050E-01  0.2050E-01  '*'   0.0 
'*'
