
 --> start reading chemical input data from chemical.inp

'1_D radial CO2 injection'                                                                          
--------------------------------------------------------------------------------
DEFINITION OF THE GEOCHEMICAL SYSTEM
PRIMARY AQUEOUS SPECIES
 h2o                                      0
 h+                                       0
 uo2+2                                    0
 o2(aq)                                   0
 so4-2                                    0

   finished reading all primary species
   total primary species     npri =   5
     aqueous primary species npaq =   5
     surface primary species npads=   0

AQUEOUS KINETICS
   finished reading aqueous kinetics
   ntrx =   0

AQUEOUS COMPLEXES
 oh-                 
 uo2so4(aq)          
 uo2so42-2           
   finished reading secondary species
   naqx =   3

MINERALS
 uraninite                                1                     3
 0.105E-07    0     1.000     1.000    32.000     0.000     0.000     0.000
 0.105E-07    0     1.000     1.000    32.000     0.000     0.000     0.0000.1000E-05  0
     0.000     0.000     0.000
   finished reading minerals
    nmin  =   1
    nmequ =   0
    nmkin =   1
    nsalt =   0


  The following minerals form ideal solid solutions:
   None
 
GASES
   finished reading gases
    ngas  =   0

SURFACE COMPLEXES
   finished reading surface complexes
    nads  =   0

SPECIES WITH KD AND DECAY
Species          Decay const.(1/s)    Th. decay a      Th. decay b
   finished reading kd/decay species
    nkdd  =   0


     Temporarily stop reading chemical.inp to read thermodynamic database....
    --> Start reading thermodynamic database: TherAkin10.dat      
    --> Finished reading thermodynamic database
     ....back to reading chemical.inp
 
EXCHANGEABLE CATIONS
   finished reading exchanged species
    nexc  =   0


 Finished reading upper part of chemical.inp
 SUMMARY OF THERMODYNAMIC DATA FOR THE CHEMICAL SYSTEM

   Components     a0    charge
  h2o            0.000    0.0
  h+             3.080    1.0
  uo2+2          2.800    2.0
  o2(aq)         0.000    0.0
  so4-2          3.150   -2.0


 Log K interpolation coefficients as a function of temperature (K) (a,b,c,d,e)
 valid temperature range (deg.C.):   0.0 to 300.0
                        a*ln(TK)       b          c*TK     d*(TK)**-1  e*(TK)**-2
 oh-                  -1.1609E+02  7.4186E+02  1.1647E-01 -3.8963E+04  2.6264E+06
 uo2so4(aq)           -3.6837E+01  2.8668E+02 -2.1631E-02 -3.1403E+04  2.8667E+06
 uo2so42-2             6.3052E+02 -4.0144E+03 -6.1735E-01  2.2446E+05 -1.3416E+07
 uraninite             3.4844E+02 -2.3034E+03 -2.6539E-01  1.6400E+05 -1.0952E+07

 dV interpolation coefficients as a function of temperature (K) (a,b,c,d,e) for log(K) pressure dependency 
 valid temperature range (deg.C.):   0.0 to 300.0
                        a              b*TK       c*TK**2     d*(TK)**-1  e*(TK)**-2

 Derived Species Reactions
  species        a0   charge  logK(25. C)  h2o    h+     uo2+2  o2(aq) so4-2  
 oh-            1.400  -1.0       13.991   1.00  -1.00   0.00   0.00   0.00
 uo2so4(aq)     0.000   0.0       -2.733   0.00   0.00   1.00   0.00   1.00
 uo2so42-2      4.000  -2.0       -4.121   0.00   0.00   1.00   0.00   2.00

 Mineral Reactions
  minerals    m.vol(L/mol)  logK(25. C)  h2o    h+     uo2+2  o2(aq) so4-2  
 uraninite         0.0246      29.559    1.00  -2.00   1.00  -0.50   0.00

--------------------------------------------------------------------------------
INITIAL AND BOUDARY WATER TYPES
 
 Initial Water Type =   1
 water temperature (C)=   25.00
 water pressure (bar) =    1.00
        icon        guess         ctot          constrain
 h2o     1        0.1000E+01        0.1000E+01
 h+      1        0.2026E-06        0.1522E-06
 uo2+2   1        0.8366E-08        0.8366E-08
 o2(aq)  1        0.3160E-48        0.3160E-48
 so4-2   1        0.1819E-10        0.1819E-10
 
 Boundary (+ injection) Water Type =   1
 water temperature (C)=   25.00
 water pressure (bar) =    1.00
        icon        guess         ctot          constrain
 h2o     1        0.1000E+01        0.1000E+01
 h+      1        0.2026E-06        0.1522E-06
 uo2+2   1        0.8366E-08        0.8366E-08
 o2(aq)  1        0.3160E-48        0.3160E-48
 so4-2   1        0.1819E-10        0.1819E-10
 
 Boundary (+ injection) Water Type =   2
 water temperature (C)=   25.00
 water pressure (bar) =    1.00
        icon        guess         ctot          constrain
 h2o     1        0.1000E+01        0.1000E+01
 h+      1        0.4082E-01        0.4182E-01
 uo2+2   1        0.8366E-30        0.8366E-30
 o2(aq)  1        0.2812E-03        0.2823E-03
 so4-2   1        0.2041E-01        0.2050E-01

      Number of initial waters:      1
      Number of boundary waters:   2


--------------------------------------------------------------------------------
INITIAL MINERAL ZONES

 MINERAL ZONE=   1
mineral         vol.frac.
 uraninite      0.1000E-04 kinetic 
  0.1000E-02  0.1007E+02    0
 Sum of mineral volume fractions in zone: 0.1000E-04

     Total number of mineral zones:   1


--------------------------------------------------------------------------------
INITIAL GAS ZONES

     Total number of gas zones:   0


--------------------------------------------------------------------------------
INITIAL PERMEABILITY-POROSITY ZONES

 PERMEABILITY ZONE=   1
perm law        a-par                 b-par
   3           .00E+00               .00E+00

     Total number of permeability zones=   1


--------------------------------------------------------------------------------
INITIAL SURFACE ADSORPTION ZONES

     Total number of adsorption zones=   0


--------------------------------------------------------------------------------
INITIAL LINEAR EQUILIBRIUM Kd ZONES

     Total number of Kd zones=   0


--------------------------------------------------------------------------------
INITIAL ZONES OF CATION EXCHANGE

     Total number of exchange zones=   0



  --> Finished reading chemical.inp file

